<?xml version="1.0" encoding="UTF-8"?>
<!-- Generated by org.testng.reporters.JUnitXMLReporter -->
<testsuite hostname="olgas-Air.fios-router.home" ignored="0" name="Hotels Sanity Test" tests="5" failures="0" timestamp="19 Dec 2019 17:58:28 GMT" time="253.628" errors="0">
  <testcase name="getHotelsHomePageTitleTest" time="0.366" classname="com.hotels.tests.HotelsHomePageTest"/>
  <testcase name="fiveStars" time="48.784" classname="com.hotels.tests.SearchFor5starHotelTest"/>
  <testcase name="fourStars" time="48.26" classname="com.hotels.tests.SearchFor4starHotelTest"/>
  <testcase name="threeStars" time="47.994" classname="com.hotels.tests.SearchFor3starHotelTest"/>
  <testcase name="homePageActions" time="9.045" classname="com.hotels.tests.HotelsHomePageTest"/>
</testsuite> <!-- Hotels Sanity Test -->
